<?xml version="1.0" encoding="UTF-8" ?>
<testsuite errors="0" failures="0" hostname="MQ-XX" name="rntree.RNTReeTest" skipped="0" tests="16" time="0.135" timestamp="2018-03-28T17:23:27">
  <properties>
[...]
</properties>
  <testcase classname="rntree.RNTReeTest" name="testRemove_HasChildsFarAway" time="0.027" />
  <testcase classname="rntree.RNTReeTest" name="testRemove_NoChild" time="0.001" />
  <testcase classname="rntree.RNTReeTest" name="testRemove_HasChildsNearSwap" time="0.009" />
  <testcase classname="rntree.RNTReeTest" name="testInsertBin01" time="0.0" />
  <testcase classname="rntree.RNTReeTest" name="testFindInvalidNode01" time="0.0" />
  <testcase classname="rntree.RNTReeTest" name="testFindInvalidNode02" time="0.0" />
  <testcase classname="rntree.RNTReeTest" name="testFindInvalidNode03" time="0.0" />
  <testcase classname="rntree.RNTReeTest" name="testGetRoot" time="0.0" />
  <testcase classname="rntree.RNTReeTest" name="testFindNode" time="0.02" />
  <testcase classname="rntree.RNTReeTest" name="testRemove01" time="0.001" />
  <testcase classname="rntree.RNTReeTest" name="testRemove02" time="0.0" />
  <testcase classname="rntree.RNTReeTest" name="testRemove03" time="0.001" />
  <testcase classname="rntree.RNTReeTest" name="testRemove04" time="0.0" />
  <testcase classname="rntree.RNTReeTest" name="testRemove05" time="0.0" />
  <testcase classname="rntree.RNTReeTest" name="testIsEmpty" time="0.001" />
  <testcase classname="rntree.RNTReeTest" name="testInsertInvalidBin01" time="0.001" />
  <system-out><![CDATA[                                                                                               50                                                                                               
                                                ?????????????????????????????????????????????????????????????????????????????????????????????????                                               
                                               25                                                                                              75                                               
                        ?????????????????????????????????????????????????                                               ?????????????????????????????????????????????????                       
                       20                                              27                                              60                                              90                       
            ?????????????????????????                       ?????????????????????????                       ?????????????????????????                       ?????????????????????????           
            ?                       ?                       ?                      30                       ?                       ?                       ?                       ?           
                                                                              ?????????????                                                                                                     
                                                                             29          33                                                                                                     
                                                                           ???????     ???????                                                                                                  
                                                                           ?     ?     ?     ?                                                                                                  
                                               50                                               
                        ?????????????????????????????????????????????????                       
                       27                                              75                       
            ?????????????????????????                       ?????????????????????????           
           20                      30                      60                      90           
      ?????????????           ?????????????           ?????????????           ?????????????     
      ?           ?          29          33           ?           ?           ?           ?     
                           ???????     ???????                                                  
                           ?     ?     ?     ?                                                  
]]></system-out>
  <system-err><![CDATA[]]></system-err>
</testsuite>
